Using pre-set license
Built from '2021.3/staging' branch; Version is '2021.3.18f1 (3129e69bc0c7) revision 3221990'; Using compiler version '192829333'; Build Type 'Release'
OS: 'Windows 11  (10.0.22621) 64bit CoreSingleLanguage' Language: 'en' Physical Memory: 7598 MB
BatchMode: 1, IsHumanControllingUs: 0, StartBugReporterOnCrash: 0, Is64bit: 1, IsPro: 1

COMMAND LINE ARGUMENTS:
C:\Program Files\Unity\Hub\Editor\2021.3.18f1\Editor\Unity.exe
-adb2
-batchMode
-noUpm
-name
AssetImportWorker2
-projectPath
C:/Users/mohammed isham/Desktop/my unity project/My project
-logFile
Logs/AssetImportWorker2.log
-srvPort
58849
Successfully changed project path to: C:/Users/mohammed isham/Desktop/my unity project/My project
C:/Users/mohammed isham/Desktop/my unity project/My project
[UnityMemory] Configuration Parameters - Can be set up in boot.config
    "memorysetup-bucket-allocator-granularity=16"
    "memorysetup-bucket-allocator-bucket-count=8"
    "memorysetup-bucket-allocator-block-size=33554432"
    "memorysetup-bucket-allocator-block-count=8"
    "memorysetup-main-allocator-block-size=16777216"
    "memorysetup-thread-allocator-block-size=16777216"
    "memorysetup-gfx-main-allocator-block-size=16777216"
    "memorysetup-gfx-thread-allocator-block-size=16777216"
    "memorysetup-cache-allocator-block-size=4194304"
    "memorysetup-typetree-allocator-block-size=2097152"
    "memorysetup-profiler-bucket-allocator-granularity=16"
    "memorysetup-profiler-bucket-allocator-bucket-count=8"
    "memorysetup-profiler-bucket-allocator-block-size=33554432"
    "memorysetup-profiler-bucket-allocator-block-count=8"
    "memorysetup-profiler-allocator-block-size=16777216"
    "memorysetup-profiler-editor-allocator-block-size=1048576"
    "memorysetup-temp-allocator-size-main=16777216"
    "memorysetup-job-temp-allocator-block-size=2097152"
    "memorysetup-job-temp-allocator-block-size-background=1048576"
    "memorysetup-job-temp-allocator-reduction-small-platforms=262144"
    "memorysetup-temp-allocator-size-background-worker=32768"
    "memorysetup-temp-allocator-size-job-worker=262144"
    "memorysetup-temp-allocator-size-preload-manager=33554432"
    "memorysetup-temp-allocator-size-nav-mesh-worker=65536"
    "memorysetup-temp-allocator-size-audio-worker=65536"
    "memorysetup-temp-allocator-size-cloud-worker=32768"
    "memorysetup-temp-allocator-size-gi-baking-worker=262144"
    "memorysetup-temp-allocator-size-gfx=262144"
Player connection [22968] Host "[IP] 192.168.234.237 [Port] 0 [Flags] 2 [Guid] 544164934 [EditorId] 544164934 [Version] 1048832 [Id] WindowsEditor(7,LAPTOP-AL44R7F3) [Debug] 1 [PackageName] WindowsEditor [ProjectName] Editor" joined multi-casting on [225.0.0.222:54997]...

Player connection [22968] Host "[IP] 192.168.234.237 [Port] 0 [Flags] 2 [Guid] 544164934 [EditorId] 544164934 [Version] 1048832 [Id] WindowsEditor(7,LAPTOP-AL44R7F3) [Debug] 1 [PackageName] WindowsEditor [ProjectName] Editor" joined alternative multi-casting on [225.0.0.222:34997]...

Refreshing native plugins compatible for Editor in 91.77 ms, found 3 plugins.
Preloading 0 native plugins for Editor in 0.00 ms.
Initialize engine version: 2021.3.18f1 (3129e69bc0c7)
[Subsystems] Discovering subsystems at path C:/Program Files/Unity/Hub/Editor/2021.3.18f1/Editor/Data/Resources/UnitySubsystems
[Subsystems] Discovering subsystems at path C:/Users/mohammed isham/Desktop/my unity project/My project/Assets
GfxDevice: creating device client; threaded=0; jobified=0
Direct3D:
    Version:  Direct3D 11.0 [level 11.1]
    Renderer: NVIDIA GeForce GTX 1650 (ID=0x1f9d)
    Vendor:   NVIDIA
    VRAM:     3950 MB
    Driver:   31.0.15.2849
Initialize mono
Mono path[0] = 'C:/Program Files/Unity/Hub/Editor/2021.3.18f1/Editor/Data/Managed'
Mono path[1] = 'C:/Program Files/Unity/Hub/Editor/2021.3.18f1/Editor/Data/MonoBleedingEdge/lib/mono/unityjit-win32'
Mono config path = 'C:/Program Files/Unity/Hub/Editor/2021.3.18f1/Editor/Data/MonoBleedingEdge/etc'
Using monoOptions --debugger-agent=transport=dt_socket,embedding=1,server=y,suspend=n,address=127.0.0.1:56704
Begin MonoManager ReloadAssembly
Registering precompiled unity dll's ...
Register platform support module: C:/Program Files/Unity/Hub/Editor/2021.3.18f1/Editor/Data/PlaybackEngines/WebGLSupport/UnityEditor.WebGL.Extensions.dll
Register platform support module: C:/Program Files/Unity/Hub/Editor/2021.3.18f1/Editor/Data/PlaybackEngines/WindowsStandaloneSupport/UnityEditor.WindowsStandalone.Extensions.dll
Registered in 0.006587 seconds.
Native extension for WindowsStandalone target not found
Native extension for WebGL target not found
Refreshing native plugins compatible for Editor in 85.25 ms, found 3 plugins.
Preloading 0 native plugins for Editor in 0.00 ms.
Mono: successfully reloaded assembly
- Completed reload, in  0.658 seconds
Domain Reload Profiling:
	ReloadAssembly (659ms)
		BeginReloadAssembly (83ms)
			ExecutionOrderSort (0ms)
			DisableScriptedObjects (0ms)
			BackupInstance (0ms)
			ReleaseScriptingObjects (0ms)
			CreateAndSetChildDomain (1ms)
		EndReloadAssembly (465ms)
			LoadAssemblies (81ms)
			RebuildTransferFunctionScriptingTraits (0ms)
			SetupTypeCache (113ms)
			ReleaseScriptCaches (0ms)
			RebuildScriptCaches (34ms)
			SetupLoadedEditorAssemblies (258ms)
				LogAssemblyErrors (0ms)
				InitializePlatformSupportModulesInManaged (9ms)
				SetLoadedEditorAssemblies (0ms)
				RefreshPlugins (85ms)
				BeforeProcessingInitializeOnLoad (1ms)
				ProcessInitializeOnLoadAttributes (117ms)
				ProcessInitializeOnLoadMethodAttributes (45ms)
				AfterProcessingInitializeOnLoad (0ms)
				EditorAssembliesLoaded (0ms)
			ExecutionOrderSort2 (0ms)
			AwakeInstancesAfterBackupRestoration (0ms)
Platform modules already initialized, skipping
Registering precompiled user dll's ...
Registered in 0.007571 seconds.
Begin MonoManager ReloadAssembly
Symbol file LoadedFromMemory doesn't match image C:\Users\mohammed isham\Desktop\my unity project\My project\Library\PackageCache\com.unity.visualscripting@1.8.0\Editor\VisualScripting.Core\Dependencies\YamlDotNet\Unity.VisualScripting.YamlDotNet.dll
Symbol file LoadedFromMemory doesn't match image C:\Users\mohammed isham\Desktop\my unity project\My project\Library\PackageCache\com.unity.visualscripting@1.8.0\Editor\VisualScripting.Core\Dependencies\DotNetZip\Unity.VisualScripting.IonicZip.dll
Native extension for WindowsStandalone target not found
Native extension for WebGL target not found
Refreshing native plugins compatible for Editor in 0.67 ms, found 3 plugins.
Preloading 0 native plugins for Editor in 0.00 ms.
Mono: successfully reloaded assembly
- Completed reload, in  1.013 seconds
Domain Reload Profiling:
	ReloadAssembly (1014ms)
		BeginReloadAssembly (109ms)
			ExecutionOrderSort (0ms)
			DisableScriptedObjects (5ms)
			BackupInstance (0ms)
			ReleaseScriptingObjects (0ms)
			CreateAndSetChildDomain (19ms)
		EndReloadAssembly (788ms)
			LoadAssemblies (120ms)
			RebuildTransferFunctionScriptingTraits (0ms)
			SetupTypeCache (258ms)
			ReleaseScriptCaches (1ms)
			RebuildScriptCaches (47ms)
			SetupLoadedEditorAssemblies (330ms)
				LogAssemblyErrors (0ms)
				InitializePlatformSupportModulesInManaged (6ms)
				SetLoadedEditorAssemblies (0ms)
				RefreshPlugins (1ms)
				BeforeProcessingInitializeOnLoad (87ms)
				ProcessInitializeOnLoadAttributes (210ms)
				ProcessInitializeOnLoadMethodAttributes (18ms)
				AfterProcessingInitializeOnLoad (7ms)
				EditorAssembliesLoaded (0ms)
			ExecutionOrderSort2 (0ms)
			AwakeInstancesAfterBackupRestoration (7ms)
Platform modules already initialized, skipping
========================================================================
Worker process is ready to serve import requests
Launched and connected shader compiler UnityShaderCompiler.exe after 0.06 seconds
Refreshing native plugins compatible for Editor in 0.55 ms, found 3 plugins.
Preloading 0 native plugins for Editor in 0.00 ms.
Unloading 3049 Unused Serialized files (Serialized files now loaded: 0)
Unloading 24 unused Assets / (113.8 KB). Loaded Objects now: 3520.
Memory consumption went from 114.1 MB to 113.9 MB.
Total: 3.339900 ms (FindLiveObjects: 0.312100 ms CreateObjectMapping: 0.130000 ms MarkObjects: 2.770400 ms  DeleteObjects: 0.125500 ms)

AssetImportParameters requested are different than current active one (requested -> active):
  custom:video-decoder-ogg-theora: a1e56fd34408186e4bbccfd4996cb3dc -> 
  custom:container-muxer-webm: aa71ff27fc2769a1b78a27578f13a17b -> 
  custom:container-demuxer-webm: 4f35f7cbe854078d1ac9338744f61a02 -> 
  custom:video-encoder-webm-vp8: eb34c28f22e8b96e1ab97ce403110664 -> 
  custom:video-codec-MediaFoundation-h265: 746d11721c4dcdbdad8f713fa42b33f4 -> 
  custom:audio-encoder-webm-vorbis: bf7c407c2cedff20999df2af8eb42d56 -> 
  custom:framework-win-MediaFoundation: 216162199b28c13a410421893ffa2e32 -> 
  custom:container-demuxer-ogg: 62fdf1f143b41e24485cea50d1cbac27 -> 
  custom:video-decoder-webm-vp8: 9c59270c3fd7afecdb556c50c9e8de78 -> 
  custom:audio-decoder-ogg-vorbis: bf7c407c2cedff20999df2af8eb42d56 -> 
========================================================================
Received Import Request.
  Time since last request: 1150498.719710 seconds.
  path: Assets/Fantasy Forest Environment Free Sample/Meshes
  artifactKey: Guid(eaaaee0f57e935647bce706f4ad8f73b) Importer(815301076,1909f56bfc062723c751e8b465ee728b)
Start importing Assets/Fantasy Forest Environment Free Sample/Meshes using Guid(eaaaee0f57e935647bce706f4ad8f73b) Importer(815301076,1909f56bfc062723c751e8b465ee728b)  -> (artifact id: 'a4734b6b3781ea3795a2b51a854be4cd') in 0.009598 seconds 
========================================================================
Received Import Request.
  Time since last request: 1.041869 seconds.
  path: Assets/Fantasy Forest Environment Free Sample/Meshes/Source
  artifactKey: Guid(05153222d4fafb14f86e74c3f1ee4eba) Importer(815301076,1909f56bfc062723c751e8b465ee728b)
Start importing Assets/Fantasy Forest Environment Free Sample/Meshes/Source using Guid(05153222d4fafb14f86e74c3f1ee4eba) Importer(815301076,1909f56bfc062723c751e8b465ee728b)  -> (artifact id: '84134dcef7e56479dd9eb812947214ce') in 0.002540 seconds 
========================================================================
Received Import Request.
  Time since last request: 0.092018 seconds.
  path: Assets/Fantasy Forest Environment Free Sample/Meshes/Source/grass01.FBX
  artifactKey: Guid(4de33cfabd2a0a64caa7f20596f00adf) Importer(815301076,1909f56bfc062723c751e8b465ee728b)
Start importing Assets/Fantasy Forest Environment Free Sample/Meshes/Source/grass01.FBX using Guid(4de33cfabd2a0a64caa7f20596f00adf) Importer(815301076,1909f56bfc062723c751e8b465ee728b)  -> (artifact id: 'e70dfc0a3bf1cee8edf6fb9d10ab94cc') in 0.467800 seconds 
========================================================================
Received Import Request.
  Time since last request: 39.828736 seconds.
  path: Assets/Fantasy Forest Environment Free Sample/Materials
  artifactKey: Guid(cd0f69bea45e4f84ea174419ce134ce1) Importer(815301076,1909f56bfc062723c751e8b465ee728b)
Start importing Assets/Fantasy Forest Environment Free Sample/Materials using Guid(cd0f69bea45e4f84ea174419ce134ce1) Importer(815301076,1909f56bfc062723c751e8b465ee728b)  -> (artifact id: '5753f2377fc9b5ee1d195e980018f2a4') in 0.002554 seconds 
========================================================================
Received Import Request.
  Time since last request: 0.051866 seconds.
  path: Assets/Fantasy Forest Environment Free Sample/Materials/bark01_bottom.mat
  artifactKey: Guid(7e56b6e37c078ed47b6d0e9d9249ea9f) Importer(815301076,1909f56bfc062723c751e8b465ee728b)
Start importing Assets/Fantasy Forest Environment Free Sample/Materials/bark01_bottom.mat using Guid(7e56b6e37c078ed47b6d0e9d9249ea9f) Importer(815301076,1909f56bfc062723c751e8b465ee728b)  -> (artifact id: '06f9c4bc948aa5fe482e7847b2a619a8') in 0.235298 seconds 
========================================================================
Received Import Request.
  Time since last request: 60.324905 seconds.
  path: Assets/Fantasy Forest Environment Free Sample/Materials/skyMaterial.mat
  artifactKey: Guid(cb20c710b0721ef4d88cabbec2aa4da7) Importer(815301076,1909f56bfc062723c751e8b465ee728b)
Start importing Assets/Fantasy Forest Environment Free Sample/Materials/skyMaterial.mat using Guid(cb20c710b0721ef4d88cabbec2aa4da7) Importer(815301076,1909f56bfc062723c751e8b465ee728b)  -> (artifact id: 'e1981103d0e8959c97294411e2f90a29') in 0.014626 seconds 
========================================================================
Received Import Request.
  Time since last request: 20.707355 seconds.
  path: Assets/Toon Zombie S/Textures
  artifactKey: Guid(3355595ddc22a5a49bc1e1825fcfc425) Importer(815301076,1909f56bfc062723c751e8b465ee728b)
Start importing Assets/Toon Zombie S/Textures using Guid(3355595ddc22a5a49bc1e1825fcfc425) Importer(815301076,1909f56bfc062723c751e8b465ee728b)  -> (artifact id: 'e186a20ec8ffeccfa53754a2a0761413') in 0.002572 seconds 
========================================================================
Received Import Request.
  Time since last request: 1.236236 seconds.
  path: Assets/Toon Zombie S/Model
  artifactKey: Guid(34d6b4ca53598e14588d6364558aa761) Importer(815301076,1909f56bfc062723c751e8b465ee728b)
Start importing Assets/Toon Zombie S/Model using Guid(34d6b4ca53598e14588d6364558aa761) Importer(815301076,1909f56bfc062723c751e8b465ee728b)  -> (artifact id: '5871ebb02c86f3869f4f7d55beb1b541') in 0.002926 seconds 
========================================================================
Received Import Request.
  Time since last request: 0.048564 seconds.
  path: Assets/Toon Zombie S/Model/zombie anime.fbx
  artifactKey: Guid(cdd9a8a49378b5d43b3ad16db56e8998) Importer(815301076,1909f56bfc062723c751e8b465ee728b)
Start importing Assets/Toon Zombie S/Model/zombie anime.fbx using Guid(cdd9a8a49378b5d43b3ad16db56e8998) Importer(815301076,1909f56bfc062723c751e8b465ee728b) Failed to create MaterialEnum, enum TRANS_OPTIONS not found
UnityEngine.StackTraceUtility:ExtractStackTrace ()
UnityEngine.DebugLogHandler:LogFormat (UnityEngine.LogType,UnityEngine.Object,string,object[])
UnityEngine.Logger:LogFormat (UnityEngine.LogType,string,object[])
UnityEngine.Debug:LogWarningFormat (string,object[])
UnityEditor.MaterialEnumDrawer:.ctor (string)
System.Reflection.RuntimeConstructorInfo:InternalInvoke (object,object[],bool)
System.Reflection.RuntimeConstructorInfo:DoInvoke (object,System.Reflection.BindingFlags,System.Reflection.Binder,object[],System.Globalization.CultureInfo)
System.Reflection.RuntimeConstructorInfo:Invoke (System.Reflection.BindingFlags,System.Reflection.Binder,object[],System.Globalization.CultureInfo)
System.RuntimeType:CreateInstanceImpl (System.Reflection.BindingFlags,System.Reflection.Binder,object[],System.Globalization.CultureInfo,object[],System.Threading.StackCrawlMark&)
System.Activator:CreateInstance (System.Type,System.Reflection.BindingFlags,System.Reflection.Binder,object[],System.Globalization.CultureInfo,object[])
System.Activator:CreateInstance (System.Type,object[])
UnityEditor.MaterialPropertyHandler:CreatePropertyDrawer (System.Type,string)
UnityEditor.MaterialPropertyHandler:GetShaderPropertyDrawer (string,bool&)
UnityEditor.MaterialPropertyHandler:GetShaderPropertyHandler (UnityEngine.Shader,string)
UnityEditor.MaterialPropertyHandler:GetHandler (UnityEngine.Shader,string)
UnityEditor.MaterialEditor:ApplyMaterialPropertyDrawers (UnityEngine.Object[])
UnityEditor.MaterialEditor:ApplyMaterialPropertyDrawersFromNative (UnityEngine.Material)
UnityEditor.PreviewRenderUtility:Render (bool,bool)
UnityEditor.GameObjectInspector:DoRenderPreview ()
UnityEditor.GameObjectInspector:RenderStaticPreview (string,UnityEngine.Object[],int,int)
UnityEditor.AssetPreviewUpdater:CreatePreview (UnityEngine.Object,UnityEngine.Object[],string,int,int)
UnityEditor.AssetPreviewUpdater:CreatePreviewForAsset (UnityEngine.Object,UnityEngine.Object[],string)

Failed to create material drawer Enum with arguments 'TRANS_OPTIONS'
UnityEngine.StackTraceUtility:ExtractStackTrace ()
UnityEngine.DebugLogHandler:LogFormat (UnityEngine.LogType,UnityEngine.Object,string,object[])
UnityEngine.Logger:LogFormat (UnityEngine.LogType,string,object[])
UnityEngine.Debug:LogWarningFormat (string,object[])
UnityEditor.MaterialPropertyHandler:GetShaderPropertyDrawer (string,bool&)
UnityEditor.MaterialPropertyHandler:GetShaderPropertyHandler (UnityEngine.Shader,string)
UnityEditor.MaterialPropertyHandler:GetHandler (UnityEngine.Shader,string)
UnityEditor.MaterialEditor:ApplyMaterialPropertyDrawers (UnityEngine.Object[])
UnityEditor.MaterialEditor:ApplyMaterialPropertyDrawersFromNative (UnityEngine.Material)
UnityEditor.PreviewRenderUtility:Render (bool,bool)
UnityEditor.GameObjectInspector:DoRenderPreview ()
UnityEditor.GameObjectInspector:RenderStaticPreview (string,UnityEngine.Object[],int,int)
UnityEditor.AssetPreviewUpdater:CreatePreview (UnityEngine.Object,UnityEngine.Object[],string,int,int)
UnityEditor.AssetPreviewUpdater:CreatePreviewForAsset (UnityEngine.Object,UnityEngine.Object[],string)

 -> (artifact id: 'b27995e82adc8107d130656b9f7214f1') in 0.173191 seconds 
========================================================================
Received Import Request.
  Time since last request: 1.877089 seconds.
  path: Assets/Toon Zombie S/Model/Materials
  artifactKey: Guid(79a033afd48ffe94c83509988b3bdf3d) Importer(815301076,1909f56bfc062723c751e8b465ee728b)
Start importing Assets/Toon Zombie S/Model/Materials using Guid(79a033afd48ffe94c83509988b3bdf3d) Importer(815301076,1909f56bfc062723c751e8b465ee728b)  -> (artifact id: '9656e2c51b953e6bc0a296f48cbd3f99') in 0.002531 seconds 
========================================================================
Received Import Request.
  Time since last request: 0.081827 seconds.
  path: Assets/Toon Zombie S/Model/Materials/eye.mat
  artifactKey: Guid(b3aff5ba2372f6d439d7982ddac3a143) Importer(815301076,1909f56bfc062723c751e8b465ee728b)
Start importing Assets/Toon Zombie S/Model/Materials/eye.mat using Guid(b3aff5ba2372f6d439d7982ddac3a143) Importer(815301076,1909f56bfc062723c751e8b465ee728b)  -> (artifact id: '0c4dc84813e6f311a9d8087f5726094c') in 0.009683 seconds 
========================================================================
Received Import Request.
  Time since last request: 0.000024 seconds.
  path: Assets/Toon Zombie S/Model/Materials/zombe green2.mat
  artifactKey: Guid(39d3fd346da829e43a472be56bdd0763) Importer(815301076,1909f56bfc062723c751e8b465ee728b)
Start importing Assets/Toon Zombie S/Model/Materials/zombe green2.mat using Guid(39d3fd346da829e43a472be56bdd0763) Importer(815301076,1909f56bfc062723c751e8b465ee728b)  -> (artifact id: '74fe2953ea3c606f44da1ce43d549d71') in 0.010783 seconds 
========================================================================
Received Import Request.
  Time since last request: 3.445845 seconds.
  path: Assets/Toon Zombie S/TSF
  artifactKey: Guid(338ff65f6e9944c4dacaec268f0b2375) Importer(815301076,1909f56bfc062723c751e8b465ee728b)
Start importing Assets/Toon Zombie S/TSF using Guid(338ff65f6e9944c4dacaec268f0b2375) Importer(815301076,1909f56bfc062723c751e8b465ee728b)  -> (artifact id: '6b1c2d0625330b6ac6f4f84ed7feb707') in 0.003536 seconds 
========================================================================
Received Prepare
Registering precompiled user dll's ...
Registered in 0.006961 seconds.
Begin MonoManager ReloadAssembly
Symbol file LoadedFromMemory doesn't match image C:\Users\mohammed isham\Desktop\my unity project\My project\Library\PackageCache\com.unity.visualscripting@1.8.0\Editor\VisualScripting.Core\Dependencies\YamlDotNet\Unity.VisualScripting.YamlDotNet.dll
Symbol file LoadedFromMemory doesn't match image C:\Users\mohammed isham\Desktop\my unity project\My project\Library\PackageCache\com.unity.visualscripting@1.8.0\Editor\VisualScripting.Core\Dependencies\DotNetZip\Unity.VisualScripting.IonicZip.dll
Native extension for WindowsStandalone target not found
Native extension for WebGL target not found
Refreshing native plugins compatible for Editor in 0.68 ms, found 3 plugins.
Preloading 0 native plugins for Editor in 0.00 ms.
Mono: successfully reloaded assembly
- Completed reload, in  1.271 seconds
Domain Reload Profiling:
	ReloadAssembly (1272ms)
		BeginReloadAssembly (225ms)
			ExecutionOrderSort (0ms)
			DisableScriptedObjects (5ms)
			BackupInstance (0ms)
			ReleaseScriptingObjects (0ms)
			CreateAndSetChildDomain (59ms)
		EndReloadAssembly (890ms)
			LoadAssemblies (166ms)
			RebuildTransferFunctionScriptingTraits (0ms)
			SetupTypeCache (327ms)
			ReleaseScriptCaches (1ms)
			RebuildScriptCaches (50ms)
			SetupLoadedEditorAssemblies (353ms)
				LogAssemblyErrors (0ms)
				InitializePlatformSupportModulesInManaged (19ms)
				SetLoadedEditorAssemblies (1ms)
				RefreshPlugins (1ms)
				BeforeProcessingInitializeOnLoad (76ms)
				ProcessInitializeOnLoadAttributes (230ms)
				ProcessInitializeOnLoadMethodAttributes (19ms)
				AfterProcessingInitializeOnLoad (8ms)
				EditorAssembliesLoaded (0ms)
			ExecutionOrderSort2 (0ms)
			AwakeInstancesAfterBackupRestoration (6ms)
Platform modules already initialized, skipping
Refreshing native plugins compatible for Editor in 3.59 ms, found 3 plugins.
Preloading 0 native plugins for Editor in 0.00 ms.
Unloading 3045 Unused Serialized files (Serialized files now loaded: 0)
Unloading 19 unused Assets / (508.1 KB). Loaded Objects now: 3569.
Memory consumption went from 132.1 MB to 131.6 MB.
Total: 3.636800 ms (FindLiveObjects: 0.285300 ms CreateObjectMapping: 0.094600 ms MarkObjects: 2.960800 ms  DeleteObjects: 0.294400 ms)

AssetImportParameters requested are different than current active one (requested -> active):
  custom:video-decoder-ogg-theora: a1e56fd34408186e4bbccfd4996cb3dc -> 
  custom:container-muxer-webm: aa71ff27fc2769a1b78a27578f13a17b -> 
  custom:container-demuxer-webm: 4f35f7cbe854078d1ac9338744f61a02 -> 
  custom:video-encoder-webm-vp8: eb34c28f22e8b96e1ab97ce403110664 -> 
  custom:video-codec-MediaFoundation-h265: 746d11721c4dcdbdad8f713fa42b33f4 -> 
  custom:audio-encoder-webm-vorbis: bf7c407c2cedff20999df2af8eb42d56 -> 
  custom:framework-win-MediaFoundation: 216162199b28c13a410421893ffa2e32 -> 
  custom:container-demuxer-ogg: 62fdf1f143b41e24485cea50d1cbac27 -> 
  custom:video-decoder-webm-vp8: 9c59270c3fd7afecdb556c50c9e8de78 -> 
  custom:audio-decoder-ogg-vorbis: bf7c407c2cedff20999df2af8eb42d56 -> 
========================================================================
Received Import Request.
  Time since last request: 79.870117 seconds.
  path: Assets/Toon Zombie S
  artifactKey: Guid(aaf08c1ec18c35a4fb06606ac35fb9f0) Importer(815301076,1909f56bfc062723c751e8b465ee728b)
Start importing Assets/Toon Zombie S using Guid(aaf08c1ec18c35a4fb06606ac35fb9f0) Importer(815301076,1909f56bfc062723c751e8b465ee728b)  -> (artifact id: '7b3052fbb916efdc8a4c08cd76d6eb41') in 0.008922 seconds 
========================================================================
Received Import Request.
  Time since last request: 44.469521 seconds.
  path: Assets/scripts
  artifactKey: Guid(ee840e37f6e98b2409cef5bd50d33448) Importer(815301076,1909f56bfc062723c751e8b465ee728b)
Start importing Assets/scripts using Guid(ee840e37f6e98b2409cef5bd50d33448) Importer(815301076,1909f56bfc062723c751e8b465ee728b)  -> (artifact id: '1ee97838ee4b11a4afdbb1f15996b399') in 0.003728 seconds 
========================================================================
Received Import Request.
  Time since last request: 5.703858 seconds.
  path: Assets/Scenes
  artifactKey: Guid(6ea315d0fd7389c41b19996891e99ae3) Importer(815301076,1909f56bfc062723c751e8b465ee728b)
Start importing Assets/Scenes using Guid(6ea315d0fd7389c41b19996891e99ae3) Importer(815301076,1909f56bfc062723c751e8b465ee728b)  -> (artifact id: 'b8193726cff86800c54781cdc6d54904') in 0.002462 seconds 
========================================================================
Received Import Request.
  Time since last request: 11.580111 seconds.
  path: Assets/scripts/playerFollow.cs
  artifactKey: Guid(a1253ae12507fd54faa77f527c64911e) Importer(815301076,1909f56bfc062723c751e8b465ee728b)
Start importing Assets/scripts/playerFollow.cs using Guid(a1253ae12507fd54faa77f527c64911e) Importer(815301076,1909f56bfc062723c751e8b465ee728b)  -> (artifact id: '72812414d34a4003e1e963c6174c1e08') in 0.012074 seconds 
========================================================================
Received Prepare
Registering precompiled user dll's ...
Registered in 0.006321 seconds.
Begin MonoManager ReloadAssembly
Symbol file LoadedFromMemory doesn't match image C:\Users\mohammed isham\Desktop\my unity project\My project\Library\PackageCache\com.unity.visualscripting@1.8.0\Editor\VisualScripting.Core\Dependencies\YamlDotNet\Unity.VisualScripting.YamlDotNet.dll
Symbol file LoadedFromMemory doesn't match image C:\Users\mohammed isham\Desktop\my unity project\My project\Library\PackageCache\com.unity.visualscripting@1.8.0\Editor\VisualScripting.Core\Dependencies\DotNetZip\Unity.VisualScripting.IonicZip.dll
Native extension for WindowsStandalone target not found
Native extension for WebGL target not found
Refreshing native plugins compatible for Editor in 0.69 ms, found 3 plugins.
Preloading 0 native plugins for Editor in 0.00 ms.
Mono: successfully reloaded assembly
- Completed reload, in  1.022 seconds
Domain Reload Profiling:
	ReloadAssembly (1023ms)
		BeginReloadAssembly (176ms)
			ExecutionOrderSort (0ms)
			DisableScriptedObjects (8ms)
			BackupInstance (0ms)
			ReleaseScriptingObjects (0ms)
			CreateAndSetChildDomain (49ms)
		EndReloadAssembly (726ms)
			LoadAssemblies (118ms)
			RebuildTransferFunctionScriptingTraits (0ms)
			SetupTypeCache (258ms)
			ReleaseScriptCaches (1ms)
			RebuildScriptCaches (46ms)
			SetupLoadedEditorAssemblies (286ms)
				LogAssemblyErrors (0ms)
				InitializePlatformSupportModulesInManaged (13ms)
				SetLoadedEditorAssemblies (0ms)
				RefreshPlugins (1ms)
				BeforeProcessingInitializeOnLoad (67ms)
				ProcessInitializeOnLoadAttributes (180ms)
				ProcessInitializeOnLoadMethodAttributes (17ms)
				AfterProcessingInitializeOnLoad (7ms)
				EditorAssembliesLoaded (0ms)
			ExecutionOrderSort2 (0ms)
			AwakeInstancesAfterBackupRestoration (5ms)
Platform modules already initialized, skipping
Refreshing native plugins compatible for Editor in 2.04 ms, found 3 plugins.
Preloading 0 native plugins for Editor in 0.00 ms.
Unloading 3046 Unused Serialized files (Serialized files now loaded: 0)
Unloading 19 unused Assets / (0.5 MB). Loaded Objects now: 3573.
Memory consumption went from 132.1 MB to 131.6 MB.
Total: 3.369500 ms (FindLiveObjects: 0.252400 ms CreateObjectMapping: 0.098200 ms MarkObjects: 2.720900 ms  DeleteObjects: 0.295800 ms)

AssetImportParameters requested are different than current active one (requested -> active):
  custom:video-decoder-ogg-theora: a1e56fd34408186e4bbccfd4996cb3dc -> 
  custom:container-muxer-webm: aa71ff27fc2769a1b78a27578f13a17b -> 
  custom:container-demuxer-webm: 4f35f7cbe854078d1ac9338744f61a02 -> 
  custom:video-encoder-webm-vp8: eb34c28f22e8b96e1ab97ce403110664 -> 
  custom:video-codec-MediaFoundation-h265: 746d11721c4dcdbdad8f713fa42b33f4 -> 
  custom:audio-encoder-webm-vorbis: bf7c407c2cedff20999df2af8eb42d56 -> 
  custom:framework-win-MediaFoundation: 216162199b28c13a410421893ffa2e32 -> 
  custom:container-demuxer-ogg: 62fdf1f143b41e24485cea50d1cbac27 -> 
  custom:video-decoder-webm-vp8: 9c59270c3fd7afecdb556c50c9e8de78 -> 
  custom:audio-decoder-ogg-vorbis: bf7c407c2cedff20999df2af8eb42d56 -> 
